<?xml version="1.0" encoding="UTF-8"?>
<!-- Generated by org.testng.reporters.JUnitReportReporter -->
<testsuite hostname="ATMECSINDT-088" failures="0" tests="2" name="com.atmecs.project.script.ValidatePageRedirect" time="69.527" errors="0" timestamp="03 Oct 2019 14:22:22 GMT" skipped="0">
  <testcase classname="com.atmecs.project.script.ValidatePageRedirect" name="clickOptionsExplore" time="34.901"/>
  <testcase classname="com.atmecs.project.script.ValidatePageRedirect" name="clickOptionMoreInfo" time="34.626"/>
</testsuite> <!-- com.atmecs.project.script.ValidatePageRedirect -->
