<?xml version="1.0" encoding="UTF-8"?>
<!-- Generated by org.testng.reporters.JUnitReportReporter -->
<testsuite hostname="ATMECSINDT-088" failures="0" tests="2" name="com.atmecs.project.script.ValidateHomePage" time="45.794" errors="0" timestamp="03 Oct 2019 15:06:46 GMT" skipped="0">
  <testcase classname="com.atmecs.project.script.ValidateHomePage" name="clickOptionsExplore" time="14.196"/>
  <testcase classname="com.atmecs.project.script.ValidateHomePage" name="clickOptionMoreInfo" time="31.598"/>
</testsuite> <!-- com.atmecs.project.script.ValidateHomePage -->
