<?xml version="1.0" encoding="UTF-8"?>
<!-- Generated by org.testng.reporters.JUnitReportReporter -->
<testsuite hostname="ATMECSINLT-028" failures="0" tests="6" name="com.atmecs.project.script.PageValidation" time="45.202" errors="0" timestamp="10 Oct 2019 17:38:21 GMT" skipped="0">
  <testcase classname="com.atmecs.project.script.PageValidation" name="clickOptionsExplore" time="23.019"/>
  <testcase classname="com.atmecs.project.script.PageValidation" name="clickOptionMoreInfo" time="4.242"/>
  <testcase classname="com.atmecs.project.script.PageValidation" name="clickOptionMoreInfo" time="4.359"/>
  <testcase classname="com.atmecs.project.script.PageValidation" name="clickOptionMoreInfo" time="4.689"/>
  <testcase classname="com.atmecs.project.script.PageValidation" name="clickOptionMoreInfo" time="5.258"/>
  <testcase classname="com.atmecs.project.script.PageValidation" name="clickOptionMoreInfo" time="3.635"/>
</testsuite> <!-- com.atmecs.project.script.PageValidation -->
