#set( $symbol_pound = '#' )
#set( $symbol_dollar = '$' )
#set( $symbol_escape = '\' )
<?xml version="1.0" encoding="UTF-8"?>
<!-- Generated by org.testng.reporters.JUnitReportReporter -->
<testsuite hostname="ATMECSINDT-088" failures="0" tests="2" name="${package}.script.ValidatePageRedirect" time="69.527" errors="0" timestamp="03 Oct 2019 14:22:22 GMT" skipped="0">
  <testcase classname="${package}.script.ValidatePageRedirect" name="clickOptionsExplore" time="34.901"/>
  <testcase classname="${package}.script.ValidatePageRedirect" name="clickOptionMoreInfo" time="34.626"/>
</testsuite> <!-- ${package}.script.ValidatePageRedirect -->
