#set( $symbol_pound = '#' )
#set( $symbol_dollar = '$' )
#set( $symbol_escape = '\' )
<?xml version="1.0" encoding="UTF-8"?>
<!-- Generated by org.testng.reporters.JUnitReportReporter -->
<testsuite hostname="ATMECSINDT-088" failures="0" tests="1" name="${package}.script.HomePageValidation" time="14.225" errors="0" timestamp="03 Oct 2019 08:37:12 GMT" skipped="0">
  <testcase classname="${package}.script.HomePageValidation" name="clickExploreNow" time="14.225"/>
</testsuite> <!-- ${package}.script.HomePageValidation -->
