<?xml version="1.0" encoding="UTF-8"?>
<!-- Generated by org.testng.reporters.JUnitReportReporter -->
<testsuite hostname="ATMECSINLT-028" failures="0" tests="6" name="it.pkg.script.PageValidation" time="30.038" errors="0" timestamp="2019-10-05T10:20:52 GMT-07:00" skipped="0">
  <testcase classname="it.pkg.script.PageValidation" name="clickOptionsExplore" time="8.850"/>
  <testcase classname="it.pkg.script.PageValidation" name="clickOptionMoreInfo" time="4.487"/>
  <testcase classname="it.pkg.script.PageValidation" name="clickOptionMoreInfo" time="4.031"/>
  <testcase classname="it.pkg.script.PageValidation" name="clickOptionMoreInfo" time="3.723"/>
  <testcase classname="it.pkg.script.PageValidation" name="clickOptionMoreInfo" time="4.007"/>
  <testcase classname="it.pkg.script.PageValidation" name="clickOptionMoreInfo" time="4.940"/>
</testsuite> <!-- it.pkg.script.PageValidation -->
